{"C:\\Users\\User\\Desktop\\hristo-intern-tasks\\Exam1.1.js": {"path":"C:\\Users\\User\\Desktop\\hristo-intern-tasks\\Exam1.1.js","statementMap":{"0":{"start":{"line":1,"column":14},"end":{"line":1,"column":40}},"1":{"start":{"line":4,"column":16},"end":{"line":4,"column":58}},"2":{"start":{"line":4,"column":23},"end":{"line":4,"column":58}},"3":{"start":{"line":4,"column":39},"end":{"line":4,"column":50}},"4":{"start":{"line":6,"column":0},"end":{"line":6,"column":27}},"5":{"start":{"line":8,"column":0},"end":{"line":8,"column":24}}},"fnMap":{"0":{"name":"(anonymous_0)","decl":{"start":{"line":4,"column":16},"end":{"line":4,"column":17}},"loc":{"start":{"line":4,"column":23},"end":{"line":4,"column":58}},"line":4},"1":{"name":"(anonymous_1)","decl":{"start":{"line":4,"column":34},"end":{"line":4,"column":35}},"loc":{"start":{"line":4,"column":39},"end":{"line":4,"column":50}},"line":4}},"branchMap":{},"s":{"0":1,"1":1,"2":4,"3":26,"4":1,"5":1},"f":{"0":4,"1":26},"b":{},"_coverageSchema":"1a1c01bbd47fc00a2c39e90264f33305004495a9","hash":"f0e3dd3937836e9aa8519e0d88e664c7499987d0"}
,"C:\\Users\\User\\Desktop\\hristo-intern-tasks\\Exam1.2.js": {"path":"C:\\Users\\User\\Desktop\\hristo-intern-tasks\\Exam1.2.js","statementMap":{"0":{"start":{"line":2,"column":14},"end":{"line":2,"column":34}},"1":{"start":{"line":3,"column":0},"end":{"line":3,"column":55}},"2":{"start":{"line":5,"column":19},"end":{"line":18,"column":1}},"3":{"start":{"line":6,"column":14},"end":{"line":6,"column":26}},"4":{"start":{"line":8,"column":2},"end":{"line":16,"column":3}},"5":{"start":{"line":8,"column":15},"end":{"line":8,"column":16}},"6":{"start":{"line":9,"column":4},"end":{"line":15,"column":5}},"7":{"start":{"line":9,"column":17},"end":{"line":9,"column":18}},"8":{"start":{"line":10,"column":6},"end":{"line":14,"column":7}},"9":{"start":{"line":11,"column":21},"end":{"line":11,"column":29}},"10":{"start":{"line":12,"column":8},"end":{"line":12,"column":31}},"11":{"start":{"line":13,"column":8},"end":{"line":13,"column":27}},"12":{"start":{"line":17,"column":2},"end":{"line":17,"column":14}},"13":{"start":{"line":19,"column":0},"end":{"line":19,"column":17}},"14":{"start":{"line":20,"column":0},"end":{"line":20,"column":53}},"15":{"start":{"line":22,"column":0},"end":{"line":22,"column":27}}},"fnMap":{"0":{"name":"(anonymous_0)","decl":{"start":{"line":5,"column":19},"end":{"line":5,"column":20}},"loc":{"start":{"line":5,"column":28},"end":{"line":18,"column":1}},"line":5}},"branchMap":{"0":{"loc":{"start":{"line":10,"column":6},"end":{"line":14,"column":7}},"type":"if","locations":[{"start":{"line":10,"column":6},"end":{"line":14,"column":7}},{"start":{},"end":{}}],"line":10}},"s":{"0":1,"1":1,"2":1,"3":3,"4":3,"5":3,"6":12,"7":12,"8":80,"9":16,"10":16,"11":16,"12":3,"13":1,"14":1,"15":1},"f":{"0":3},"b":{"0":[16,64]},"_coverageSchema":"1a1c01bbd47fc00a2c39e90264f33305004495a9","hash":"6ad8f5e213794a36855ab84717ed563ae1f27282"}
,"C:\\Users\\User\\Desktop\\hristo-intern-tasks\\Exam1.4.js": {"path":"C:\\Users\\User\\Desktop\\hristo-intern-tasks\\Exam1.4.js","statementMap":{"0":{"start":{"line":1,"column":14},"end":{"line":1,"column":109}},"1":{"start":{"line":1,"column":63},"end":{"line":1,"column":92}},"2":{"start":{"line":4,"column":2},"end":{"line":4,"column":43}},"3":{"start":{"line":4,"column":27},"end":{"line":4,"column":43}},"4":{"start":{"line":6,"column":18},"end":{"line":16,"column":3}},"5":{"start":{"line":18,"column":2},"end":{"line":55,"column":3}},"6":{"start":{"line":19,"column":4},"end":{"line":22,"column":5}},"7":{"start":{"line":20,"column":6},"end":{"line":20,"column":25}},"8":{"start":{"line":21,"column":6},"end":{"line":21,"column":14}},"9":{"start":{"line":23,"column":4},"end":{"line":26,"column":5}},"10":{"start":{"line":24,"column":6},"end":{"line":24,"column":26}},"11":{"start":{"line":25,"column":6},"end":{"line":25,"column":14}},"12":{"start":{"line":27,"column":4},"end":{"line":30,"column":5}},"13":{"start":{"line":28,"column":6},"end":{"line":28,"column":28}},"14":{"start":{"line":29,"column":6},"end":{"line":29,"column":14}},"15":{"start":{"line":31,"column":4},"end":{"line":34,"column":5}},"16":{"start":{"line":32,"column":6},"end":{"line":32,"column":29}},"17":{"start":{"line":33,"column":6},"end":{"line":33,"column":14}},"18":{"start":{"line":35,"column":4},"end":{"line":38,"column":5}},"19":{"start":{"line":36,"column":6},"end":{"line":36,"column":27}},"20":{"start":{"line":37,"column":6},"end":{"line":37,"column":14}},"21":{"start":{"line":39,"column":4},"end":{"line":42,"column":5}},"22":{"start":{"line":40,"column":6},"end":{"line":40,"column":30}},"23":{"start":{"line":41,"column":6},"end":{"line":41,"column":14}},"24":{"start":{"line":43,"column":4},"end":{"line":46,"column":5}},"25":{"start":{"line":44,"column":6},"end":{"line":44,"column":29}},"26":{"start":{"line":45,"column":6},"end":{"line":45,"column":14}},"27":{"start":{"line":47,"column":4},"end":{"line":50,"column":5}},"28":{"start":{"line":48,"column":6},"end":{"line":48,"column":25}},"29":{"start":{"line":49,"column":6},"end":{"line":49,"column":14}},"30":{"start":{"line":51,"column":4},"end":{"line":54,"column":5}},"31":{"start":{"line":52,"column":6},"end":{"line":52,"column":28}},"32":{"start":{"line":53,"column":6},"end":{"line":53,"column":14}},"33":{"start":{"line":56,"column":2},"end":{"line":56,"column":16}},"34":{"start":{"line":58,"column":15},"end":{"line":58,"column":32}},"35":{"start":{"line":59,"column":0},"end":{"line":59,"column":19}},"36":{"start":{"line":61,"column":0},"end":{"line":61,"column":27}}},"fnMap":{"0":{"name":"(anonymous_0)","decl":{"start":{"line":1,"column":55},"end":{"line":1,"column":56}},"loc":{"start":{"line":1,"column":61},"end":{"line":1,"column":94}},"line":1},"1":{"name":"countArray","decl":{"start":{"line":3,"column":9},"end":{"line":3,"column":19}},"loc":{"start":{"line":3,"column":28},"end":{"line":57,"column":1}},"line":3}},"branchMap":{"0":{"loc":{"start":{"line":4,"column":2},"end":{"line":4,"column":43}},"type":"if","locations":[{"start":{"line":4,"column":2},"end":{"line":4,"column":43}},{"start":{},"end":{}}],"line":4},"1":{"loc":{"start":{"line":19,"column":4},"end":{"line":22,"column":5}},"type":"if","locations":[{"start":{"line":19,"column":4},"end":{"line":22,"column":5}},{"start":{},"end":{}}],"line":19},"2":{"loc":{"start":{"line":23,"column":4},"end":{"line":26,"column":5}},"type":"if","locations":[{"start":{"line":23,"column":4},"end":{"line":26,"column":5}},{"start":{},"end":{}}],"line":23},"3":{"loc":{"start":{"line":23,"column":8},"end":{"line":23,"column":52}},"type":"binary-expr","locations":[{"start":{"line":23,"column":8},"end":{"line":23,"column":27}},{"start":{"line":23,"column":31},"end":{"line":23,"column":52}}],"line":23},"4":{"loc":{"start":{"line":27,"column":4},"end":{"line":30,"column":5}},"type":"if","locations":[{"start":{"line":27,"column":4},"end":{"line":30,"column":5}},{"start":{},"end":{}}],"line":27},"5":{"loc":{"start":{"line":31,"column":4},"end":{"line":34,"column":5}},"type":"if","locations":[{"start":{"line":31,"column":4},"end":{"line":34,"column":5}},{"start":{},"end":{}}],"line":31},"6":{"loc":{"start":{"line":35,"column":4},"end":{"line":38,"column":5}},"type":"if","locations":[{"start":{"line":35,"column":4},"end":{"line":38,"column":5}},{"start":{},"end":{}}],"line":35},"7":{"loc":{"start":{"line":39,"column":4},"end":{"line":42,"column":5}},"type":"if","locations":[{"start":{"line":39,"column":4},"end":{"line":42,"column":5}},{"start":{},"end":{}}],"line":39},"8":{"loc":{"start":{"line":43,"column":4},"end":{"line":46,"column":5}},"type":"if","locations":[{"start":{"line":43,"column":4},"end":{"line":46,"column":5}},{"start":{},"end":{}}],"line":43},"9":{"loc":{"start":{"line":47,"column":4},"end":{"line":50,"column":5}},"type":"if","locations":[{"start":{"line":47,"column":4},"end":{"line":50,"column":5}},{"start":{},"end":{}}],"line":47},"10":{"loc":{"start":{"line":51,"column":4},"end":{"line":54,"column":5}},"type":"if","locations":[{"start":{"line":51,"column":4},"end":{"line":54,"column":5}},{"start":{},"end":{}}],"line":51}},"s":{"0":1,"1":0,"2":10,"3":1,"4":9,"5":9,"6":16,"7":4,"8":4,"9":12,"10":1,"11":1,"12":11,"13":2,"14":2,"15":9,"16":2,"17":2,"18":7,"19":1,"20":1,"21":6,"22":2,"23":2,"24":4,"25":1,"26":1,"27":3,"28":1,"29":1,"30":2,"31":2,"32":2,"33":9,"34":1,"35":1,"36":1},"f":{"0":0,"1":10},"b":{"0":[1,9],"1":[4,12],"2":[1,11],"3":[12,1],"4":[2,9],"5":[2,7],"6":[1,6],"7":[2,4],"8":[1,3],"9":[1,2],"10":[2,0]},"_coverageSchema":"1a1c01bbd47fc00a2c39e90264f33305004495a9","hash":"e52ac095afaf716c6b4daaa2f2366986aef6c2eb"}
,"C:\\Users\\User\\Desktop\\hristo-intern-tasks\\Exam1.5-partOne.js": {"path":"C:\\Users\\User\\Desktop\\hristo-intern-tasks\\Exam1.5-partOne.js","statementMap":{"0":{"start":{"line":1,"column":12},"end":{"line":11,"column":1}},"1":{"start":{"line":13,"column":22},"end":{"line":31,"column":1}},"2":{"start":{"line":14,"column":16},"end":{"line":14,"column":17}},"3":{"start":{"line":15,"column":2},"end":{"line":29,"column":4}},"4":{"start":{"line":16,"column":4},"end":{"line":28,"column":5}},"5":{"start":{"line":17,"column":6},"end":{"line":17,"column":18}},"6":{"start":{"line":18,"column":11},"end":{"line":28,"column":5}},"7":{"start":{"line":19,"column":6},"end":{"line":19,"column":18}},"8":{"start":{"line":20,"column":11},"end":{"line":28,"column":5}},"9":{"start":{"line":21,"column":6},"end":{"line":21,"column":18}},"10":{"start":{"line":22,"column":11},"end":{"line":28,"column":5}},"11":{"start":{"line":23,"column":6},"end":{"line":23,"column":19}},"12":{"start":{"line":24,"column":11},"end":{"line":28,"column":5}},"13":{"start":{"line":25,"column":6},"end":{"line":25,"column":18}},"14":{"start":{"line":26,"column":11},"end":{"line":28,"column":5}},"15":{"start":{"line":27,"column":6},"end":{"line":27,"column":18}},"16":{"start":{"line":30,"column":2},"end":{"line":30,"column":16}},"17":{"start":{"line":32,"column":0},"end":{"line":32,"column":31}},"18":{"start":{"line":34,"column":0},"end":{"line":34,"column":30}}},"fnMap":{"0":{"name":"(anonymous_0)","decl":{"start":{"line":9,"column":10},"end":{"line":9,"column":11}},"loc":{"start":{"line":9,"column":16},"end":{"line":9,"column":18}},"line":9},"1":{"name":"(anonymous_1)","decl":{"start":{"line":13,"column":22},"end":{"line":13,"column":23}},"loc":{"start":{"line":13,"column":31},"end":{"line":31,"column":1}},"line":13},"2":{"name":"(anonymous_2)","decl":{"start":{"line":15,"column":29},"end":{"line":15,"column":30}},"loc":{"start":{"line":15,"column":39},"end":{"line":29,"column":3}},"line":15}},"branchMap":{"0":{"loc":{"start":{"line":16,"column":4},"end":{"line":28,"column":5}},"type":"if","locations":[{"start":{"line":16,"column":4},"end":{"line":28,"column":5}},{"start":{"line":18,"column":11},"end":{"line":28,"column":5}}],"line":16},"1":{"loc":{"start":{"line":18,"column":11},"end":{"line":28,"column":5}},"type":"if","locations":[{"start":{"line":18,"column":11},"end":{"line":28,"column":5}},{"start":{"line":20,"column":11},"end":{"line":28,"column":5}}],"line":18},"2":{"loc":{"start":{"line":20,"column":11},"end":{"line":28,"column":5}},"type":"if","locations":[{"start":{"line":20,"column":11},"end":{"line":28,"column":5}},{"start":{"line":22,"column":11},"end":{"line":28,"column":5}}],"line":20},"3":{"loc":{"start":{"line":22,"column":11},"end":{"line":28,"column":5}},"type":"if","locations":[{"start":{"line":22,"column":11},"end":{"line":28,"column":5}},{"start":{"line":24,"column":11},"end":{"line":28,"column":5}}],"line":22},"4":{"loc":{"start":{"line":22,"column":15},"end":{"line":22,"column":92}},"type":"binary-expr","locations":[{"start":{"line":22,"column":15},"end":{"line":22,"column":39}},{"start":{"line":22,"column":43},"end":{"line":22,"column":69}},{"start":{"line":22,"column":73},"end":{"line":22,"column":92}}],"line":22},"5":{"loc":{"start":{"line":24,"column":11},"end":{"line":28,"column":5}},"type":"if","locations":[{"start":{"line":24,"column":11},"end":{"line":28,"column":5}},{"start":{"line":26,"column":11},"end":{"line":28,"column":5}}],"line":24},"6":{"loc":{"start":{"line":26,"column":11},"end":{"line":28,"column":5}},"type":"if","locations":[{"start":{"line":26,"column":11},"end":{"line":28,"column":5}},{"start":{},"end":{}}],"line":26}},"s":{"0":1,"1":1,"2":9,"3":9,"4":26,"5":5,"6":21,"7":5,"8":16,"9":3,"10":13,"11":9,"12":4,"13":3,"14":1,"15":1,"16":9,"17":1,"18":1},"f":{"0":0,"1":9,"2":26},"b":{"0":[5,21],"1":[5,16],"2":[3,13],"3":[9,4],"4":[13,7,4],"5":[3,1],"6":[1,0]},"_coverageSchema":"1a1c01bbd47fc00a2c39e90264f33305004495a9","hash":"4bf38112259d5e660d9151f960a7584dbdd36d51"}
,"C:\\Users\\User\\Desktop\\hristo-intern-tasks\\Exam1.6-partOne.js": {"path":"C:\\Users\\User\\Desktop\\hristo-intern-tasks\\Exam1.6-partOne.js","statementMap":{"0":{"start":{"line":1,"column":24},"end":{"line":15,"column":1}},"1":{"start":{"line":2,"column":12},"end":{"line":2,"column":13}},"2":{"start":{"line":5,"column":20},"end":{"line":5,"column":34}},"3":{"start":{"line":7,"column":2},"end":{"line":13,"column":3}},"4":{"start":{"line":8,"column":22},"end":{"line":8,"column":52}},"5":{"start":{"line":9,"column":4},"end":{"line":12,"column":5}},"6":{"start":{"line":10,"column":6},"end":{"line":10,"column":28}},"7":{"start":{"line":11,"column":6},"end":{"line":11,"column":24}},"8":{"start":{"line":14,"column":2},"end":{"line":14,"column":15}},"9":{"start":{"line":17,"column":12},"end":{"line":17,"column":52}},"10":{"start":{"line":18,"column":0},"end":{"line":18,"column":33}},"11":{"start":{"line":20,"column":0},"end":{"line":20,"column":32}}},"fnMap":{"0":{"name":"(anonymous_0)","decl":{"start":{"line":1,"column":24},"end":{"line":1,"column":25}},"loc":{"start":{"line":1,"column":38},"end":{"line":15,"column":1}},"line":1}},"branchMap":{"0":{"loc":{"start":{"line":1,"column":25},"end":{"line":1,"column":33}},"type":"default-arg","locations":[{"start":{"line":1,"column":31},"end":{"line":1,"column":33}}],"line":1},"1":{"loc":{"start":{"line":9,"column":4},"end":{"line":12,"column":5}},"type":"if","locations":[{"start":{"line":9,"column":4},"end":{"line":12,"column":5}},{"start":{},"end":{}}],"line":9}},"s":{"0":1,"1":5,"2":5,"3":5,"4":20,"5":20,"6":6,"7":6,"8":5,"9":1,"10":1,"11":1},"f":{"0":5},"b":{"0":[1],"1":[6,14]},"_coverageSchema":"1a1c01bbd47fc00a2c39e90264f33305004495a9","hash":"3e6aaa57bb7a0e387353d42637dcce9027e0973f"}
,"C:\\Users\\User\\Desktop\\hristo-intern-tasks\\Exam1.6-partTwo.js": {"path":"C:\\Users\\User\\Desktop\\hristo-intern-tasks\\Exam1.6-partTwo.js","statementMap":{"0":{"start":{"line":1,"column":24},"end":{"line":15,"column":1}},"1":{"start":{"line":2,"column":12},"end":{"line":2,"column":13}},"2":{"start":{"line":5,"column":20},"end":{"line":5,"column":34}},"3":{"start":{"line":7,"column":2},"end":{"line":13,"column":3}},"4":{"start":{"line":8,"column":22},"end":{"line":8,"column":52}},"5":{"start":{"line":9,"column":4},"end":{"line":12,"column":5}},"6":{"start":{"line":10,"column":6},"end":{"line":10,"column":28}},"7":{"start":{"line":11,"column":6},"end":{"line":11,"column":24}},"8":{"start":{"line":14,"column":2},"end":{"line":14,"column":15}},"9":{"start":{"line":17,"column":12},"end":{"line":17,"column":52}},"10":{"start":{"line":18,"column":13},"end":{"line":18,"column":16}},"11":{"start":{"line":19,"column":0},"end":{"line":19,"column":39}},"12":{"start":{"line":21,"column":0},"end":{"line":21,"column":32}}},"fnMap":{"0":{"name":"(anonymous_0)","decl":{"start":{"line":1,"column":24},"end":{"line":1,"column":25}},"loc":{"start":{"line":1,"column":39},"end":{"line":15,"column":1}},"line":1}},"branchMap":{"0":{"loc":{"start":{"line":9,"column":4},"end":{"line":12,"column":5}},"type":"if","locations":[{"start":{"line":9,"column":4},"end":{"line":12,"column":5}},{"start":{},"end":{}}],"line":9},"1":{"loc":{"start":{"line":9,"column":8},"end":{"line":9,"column":60}},"type":"binary-expr","locations":[{"start":{"line":9,"column":8},"end":{"line":9,"column":30}},{"start":{"line":9,"column":34},"end":{"line":9,"column":60}}],"line":9}},"s":{"0":1,"1":3,"2":3,"3":3,"4":17,"5":17,"6":2,"7":2,"8":3,"9":1,"10":1,"11":1,"12":1},"f":{"0":3},"b":{"0":[2,15],"1":[17,6]},"_coverageSchema":"1a1c01bbd47fc00a2c39e90264f33305004495a9","hash":"4155d1eccf3ecd3e9a83b237fc5274ab8766bf23"}
,"C:\\Users\\User\\Desktop\\hristo-intern-tasks\\Exam1.7.js": {"path":"C:\\Users\\User\\Desktop\\hristo-intern-tasks\\Exam1.7.js","statementMap":{"0":{"start":{"line":1,"column":16},"end":{"line":1,"column":54}},"1":{"start":{"line":1,"column":23},"end":{"line":1,"column":54}},"2":{"start":{"line":3,"column":20},"end":{"line":13,"column":1}},"3":{"start":{"line":4,"column":19},"end":{"line":4,"column":40}},"4":{"start":{"line":5,"column":18},"end":{"line":5,"column":44}},"5":{"start":{"line":6,"column":20},"end":{"line":6,"column":47}},"6":{"start":{"line":7,"column":20},"end":{"line":7,"column":47}},"7":{"start":{"line":8,"column":18},"end":{"line":8,"column":47}},"8":{"start":{"line":9,"column":22},"end":{"line":9,"column":51}},"9":{"start":{"line":10,"column":23},"end":{"line":10,"column":57}},"10":{"start":{"line":12,"column":2},"end":{"line":12,"column":102}},"11":{"start":{"line":15,"column":13},"end":{"line":15,"column":35}},"12":{"start":{"line":16,"column":16},"end":{"line":16,"column":33}},"13":{"start":{"line":17,"column":0},"end":{"line":17,"column":20}},"14":{"start":{"line":19,"column":0},"end":{"line":19,"column":28}}},"fnMap":{"0":{"name":"(anonymous_0)","decl":{"start":{"line":1,"column":16},"end":{"line":1,"column":17}},"loc":{"start":{"line":1,"column":23},"end":{"line":1,"column":54}},"line":1},"1":{"name":"(anonymous_1)","decl":{"start":{"line":3,"column":20},"end":{"line":3,"column":21}},"loc":{"start":{"line":3,"column":43},"end":{"line":13,"column":1}},"line":3}},"branchMap":{"0":{"loc":{"start":{"line":3,"column":21},"end":{"line":3,"column":38}},"type":"default-arg","locations":[{"start":{"line":3,"column":28},"end":{"line":3,"column":38}}],"line":3}},"s":{"0":1,"1":18,"2":1,"3":3,"4":3,"5":3,"6":3,"7":3,"8":3,"9":3,"10":3,"11":1,"12":1,"13":1,"14":1},"f":{"0":18,"1":3},"b":{"0":[1]},"_coverageSchema":"1a1c01bbd47fc00a2c39e90264f33305004495a9","hash":"2c65998413e4429ca60761dbaa01a74b6bf16c1e"}
,"C:\\Users\\User\\Desktop\\hristo-intern-tasks\\Exam1.8.js": {"path":"C:\\Users\\User\\Desktop\\hristo-intern-tasks\\Exam1.8.js","statementMap":{"0":{"start":{"line":1,"column":16},"end":{"line":1,"column":40}},"1":{"start":{"line":1,"column":25},"end":{"line":1,"column":40}},"2":{"start":{"line":3,"column":14},"end":{"line":3,"column":61}},"3":{"start":{"line":3,"column":29},"end":{"line":3,"column":61}},"4":{"start":{"line":3,"column":38},"end":{"line":3,"column":61}},"5":{"start":{"line":5,"column":19},"end":{"line":5,"column":55}},"6":{"start":{"line":5,"column":28},"end":{"line":5,"column":55}},"7":{"start":{"line":6,"column":20},"end":{"line":6,"column":55}},"8":{"start":{"line":6,"column":29},"end":{"line":6,"column":55}},"9":{"start":{"line":7,"column":19},"end":{"line":7,"column":50}},"10":{"start":{"line":7,"column":28},"end":{"line":7,"column":50}},"11":{"start":{"line":8,"column":18},"end":{"line":8,"column":45}},"12":{"start":{"line":8,"column":27},"end":{"line":8,"column":45}},"13":{"start":{"line":9,"column":19},"end":{"line":9,"column":41}},"14":{"start":{"line":9,"column":28},"end":{"line":9,"column":41}},"15":{"start":{"line":10,"column":22},"end":{"line":10,"column":39}},"16":{"start":{"line":10,"column":31},"end":{"line":10,"column":39}},"17":{"start":{"line":12,"column":18},"end":{"line":19,"column":1}},"18":{"start":{"line":21,"column":17},"end":{"line":27,"column":1}},"19":{"start":{"line":22,"column":18},"end":{"line":22,"column":40}},"20":{"start":{"line":23,"column":2},"end":{"line":26,"column":3}},"21":{"start":{"line":24,"column":16},"end":{"line":24,"column":28}},"22":{"start":{"line":25,"column":4},"end":{"line":25,"column":46}},"23":{"start":{"line":25,"column":19},"end":{"line":25,"column":46}},"24":{"start":{"line":29,"column":14},"end":{"line":29,"column":24}},"25":{"start":{"line":30,"column":14},"end":{"line":30,"column":45}},"26":{"start":{"line":32,"column":0},"end":{"line":32,"column":35}},"27":{"start":{"line":34,"column":0},"end":{"line":34,"column":25}}},"fnMap":{"0":{"name":"(anonymous_0)","decl":{"start":{"line":1,"column":16},"end":{"line":1,"column":17}},"loc":{"start":{"line":1,"column":25},"end":{"line":1,"column":40}},"line":1},"1":{"name":"(anonymous_1)","decl":{"start":{"line":3,"column":14},"end":{"line":3,"column":15}},"loc":{"start":{"line":3,"column":29},"end":{"line":3,"column":61}},"line":3},"2":{"name":"(anonymous_2)","decl":{"start":{"line":3,"column":29},"end":{"line":3,"column":30}},"loc":{"start":{"line":3,"column":38},"end":{"line":3,"column":61}},"line":3},"3":{"name":"(anonymous_3)","decl":{"start":{"line":5,"column":19},"end":{"line":5,"column":20}},"loc":{"start":{"line":5,"column":28},"end":{"line":5,"column":55}},"line":5},"4":{"name":"(anonymous_4)","decl":{"start":{"line":6,"column":20},"end":{"line":6,"column":21}},"loc":{"start":{"line":6,"column":29},"end":{"line":6,"column":55}},"line":6},"5":{"name":"(anonymous_5)","decl":{"start":{"line":7,"column":19},"end":{"line":7,"column":20}},"loc":{"start":{"line":7,"column":28},"end":{"line":7,"column":50}},"line":7},"6":{"name":"(anonymous_6)","decl":{"start":{"line":8,"column":18},"end":{"line":8,"column":19}},"loc":{"start":{"line":8,"column":27},"end":{"line":8,"column":45}},"line":8},"7":{"name":"(anonymous_7)","decl":{"start":{"line":9,"column":19},"end":{"line":9,"column":20}},"loc":{"start":{"line":9,"column":28},"end":{"line":9,"column":41}},"line":9},"8":{"name":"(anonymous_8)","decl":{"start":{"line":10,"column":22},"end":{"line":10,"column":23}},"loc":{"start":{"line":10,"column":31},"end":{"line":10,"column":39}},"line":10},"9":{"name":"(anonymous_9)","decl":{"start":{"line":21,"column":17},"end":{"line":21,"column":18}},"loc":{"start":{"line":21,"column":35},"end":{"line":27,"column":1}},"line":21}},"branchMap":{"0":{"loc":{"start":{"line":25,"column":4},"end":{"line":25,"column":46}},"type":"if","locations":[{"start":{"line":25,"column":4},"end":{"line":25,"column":46}},{"start":{},"end":{}}],"line":25}},"s":{"0":1,"1":5,"2":1,"3":6,"4":5,"5":1,"6":2,"7":1,"8":2,"9":1,"10":1,"11":1,"12":0,"13":1,"14":0,"15":1,"16":0,"17":1,"18":1,"19":2,"20":2,"21":5,"22":5,"23":2,"24":1,"25":1,"26":1,"27":1},"f":{"0":5,"1":6,"2":5,"3":2,"4":2,"5":1,"6":0,"7":0,"8":0,"9":2},"b":{"0":[2,3]},"_coverageSchema":"1a1c01bbd47fc00a2c39e90264f33305004495a9","hash":"3d1dd266c37e03e24e81921163eb62f1b8af484b"}
,"C:\\Users\\User\\Desktop\\hristo-intern-tasks\\Exam1.9.js": {"path":"C:\\Users\\User\\Desktop\\hristo-intern-tasks\\Exam1.9.js","statementMap":{"0":{"start":{"line":1,"column":16},"end":{"line":1,"column":56}},"1":{"start":{"line":1,"column":25},"end":{"line":1,"column":56}},"2":{"start":{"line":3,"column":18},"end":{"line":16,"column":1}},"3":{"start":{"line":17,"column":22},"end":{"line":25,"column":1}},"4":{"start":{"line":28,"column":16},"end":{"line":28,"column":29}},"5":{"start":{"line":29,"column":2},"end":{"line":29,"column":49}},"6":{"start":{"line":33,"column":16},"end":{"line":33,"column":29}},"7":{"start":{"line":34,"column":2},"end":{"line":34,"column":33}},"8":{"start":{"line":38,"column":16},"end":{"line":38,"column":31}},"9":{"start":{"line":39,"column":2},"end":{"line":39,"column":41}},"10":{"start":{"line":43,"column":16},"end":{"line":43,"column":31}},"11":{"start":{"line":44,"column":2},"end":{"line":44,"column":25}},"12":{"start":{"line":48,"column":2},"end":{"line":56,"column":3}},"13":{"start":{"line":49,"column":4},"end":{"line":49,"column":12}},"14":{"start":{"line":50,"column":9},"end":{"line":56,"column":3}},"15":{"start":{"line":51,"column":4},"end":{"line":51,"column":12}},"16":{"start":{"line":52,"column":9},"end":{"line":56,"column":3}},"17":{"start":{"line":53,"column":4},"end":{"line":53,"column":12}},"18":{"start":{"line":54,"column":9},"end":{"line":56,"column":3}},"19":{"start":{"line":55,"column":4},"end":{"line":55,"column":12}},"20":{"start":{"line":60,"column":14},"end":{"line":60,"column":28}},"21":{"start":{"line":61,"column":2},"end":{"line":69,"column":3}},"22":{"start":{"line":62,"column":4},"end":{"line":62,"column":21}},"23":{"start":{"line":63,"column":9},"end":{"line":69,"column":3}},"24":{"start":{"line":64,"column":4},"end":{"line":64,"column":21}},"25":{"start":{"line":65,"column":9},"end":{"line":69,"column":3}},"26":{"start":{"line":66,"column":4},"end":{"line":66,"column":21}},"27":{"start":{"line":67,"column":9},"end":{"line":69,"column":3}},"28":{"start":{"line":68,"column":4},"end":{"line":68,"column":21}},"29":{"start":{"line":73,"column":19},"end":{"line":73,"column":53}},"30":{"start":{"line":74,"column":23},"end":{"line":74,"column":76}},"31":{"start":{"line":75,"column":2},"end":{"line":75,"column":58}},"32":{"start":{"line":78,"column":12},"end":{"line":98,"column":1}},"33":{"start":{"line":79,"column":18},"end":{"line":79,"column":36}},"34":{"start":{"line":82,"column":16},"end":{"line":82,"column":40}},"35":{"start":{"line":83,"column":15},"end":{"line":83,"column":30}},"36":{"start":{"line":85,"column":16},"end":{"line":85,"column":39}},"37":{"start":{"line":86,"column":15},"end":{"line":86,"column":29}},"38":{"start":{"line":89,"column":15},"end":{"line":89,"column":28}},"39":{"start":{"line":90,"column":16},"end":{"line":90,"column":40}},"40":{"start":{"line":91,"column":15},"end":{"line":91,"column":30}},"41":{"start":{"line":92,"column":16},"end":{"line":92,"column":42}},"42":{"start":{"line":93,"column":15},"end":{"line":93,"column":32}},"43":{"start":{"line":94,"column":16},"end":{"line":94,"column":42}},"44":{"start":{"line":95,"column":15},"end":{"line":95,"column":32}},"45":{"start":{"line":101,"column":2},"end":{"line":103,"column":14}},"46":{"start":{"line":102,"column":4},"end":{"line":102,"column":45}},"47":{"start":{"line":106,"column":13},"end":{"line":106,"column":23}},"48":{"start":{"line":107,"column":15},"end":{"line":107,"column":59}},"49":{"start":{"line":109,"column":0},"end":{"line":109,"column":33}},"50":{"start":{"line":111,"column":0},"end":{"line":111,"column":23}}},"fnMap":{"0":{"name":"(anonymous_0)","decl":{"start":{"line":1,"column":16},"end":{"line":1,"column":17}},"loc":{"start":{"line":1,"column":25},"end":{"line":1,"column":56}},"line":1},"1":{"name":"getDayShortName","decl":{"start":{"line":27,"column":9},"end":{"line":27,"column":24}},"loc":{"start":{"line":27,"column":32},"end":{"line":30,"column":1}},"line":27},"2":{"name":"getDayLongName","decl":{"start":{"line":32,"column":9},"end":{"line":32,"column":23}},"loc":{"start":{"line":32,"column":31},"end":{"line":35,"column":1}},"line":32},"3":{"name":"getMonthShortName","decl":{"start":{"line":37,"column":9},"end":{"line":37,"column":26}},"loc":{"start":{"line":37,"column":34},"end":{"line":40,"column":1}},"line":37},"4":{"name":"getMonthLongName","decl":{"start":{"line":42,"column":9},"end":{"line":42,"column":25}},"loc":{"start":{"line":42,"column":33},"end":{"line":45,"column":1}},"line":42},"5":{"name":"getQuarter","decl":{"start":{"line":47,"column":9},"end":{"line":47,"column":19}},"loc":{"start":{"line":47,"column":23},"end":{"line":57,"column":1}},"line":47},"6":{"name":"getDayOfMonth","decl":{"start":{"line":59,"column":9},"end":{"line":59,"column":22}},"loc":{"start":{"line":59,"column":30},"end":{"line":70,"column":1}},"line":59},"7":{"name":"getWeekOfYear","decl":{"start":{"line":72,"column":9},"end":{"line":72,"column":22}},"loc":{"start":{"line":72,"column":26},"end":{"line":76,"column":1}},"line":72},"8":{"name":"(anonymous_8)","decl":{"start":{"line":79,"column":8},"end":{"line":79,"column":9}},"loc":{"start":{"line":79,"column":18},"end":{"line":79,"column":36}},"line":79},"9":{"name":"(anonymous_9)","decl":{"start":{"line":82,"column":6},"end":{"line":82,"column":7}},"loc":{"start":{"line":82,"column":16},"end":{"line":82,"column":40}},"line":82},"10":{"name":"(anonymous_10)","decl":{"start":{"line":83,"column":5},"end":{"line":83,"column":6}},"loc":{"start":{"line":83,"column":15},"end":{"line":83,"column":30}},"line":83},"11":{"name":"(anonymous_11)","decl":{"start":{"line":85,"column":6},"end":{"line":85,"column":7}},"loc":{"start":{"line":85,"column":16},"end":{"line":85,"column":39}},"line":85},"12":{"name":"(anonymous_12)","decl":{"start":{"line":86,"column":5},"end":{"line":86,"column":6}},"loc":{"start":{"line":86,"column":15},"end":{"line":86,"column":29}},"line":86},"13":{"name":"(anonymous_13)","decl":{"start":{"line":89,"column":5},"end":{"line":89,"column":6}},"loc":{"start":{"line":89,"column":15},"end":{"line":89,"column":28}},"line":89},"14":{"name":"(anonymous_14)","decl":{"start":{"line":90,"column":6},"end":{"line":90,"column":7}},"loc":{"start":{"line":90,"column":16},"end":{"line":90,"column":40}},"line":90},"15":{"name":"(anonymous_15)","decl":{"start":{"line":91,"column":5},"end":{"line":91,"column":6}},"loc":{"start":{"line":91,"column":15},"end":{"line":91,"column":30}},"line":91},"16":{"name":"(anonymous_16)","decl":{"start":{"line":92,"column":6},"end":{"line":92,"column":7}},"loc":{"start":{"line":92,"column":16},"end":{"line":92,"column":42}},"line":92},"17":{"name":"(anonymous_17)","decl":{"start":{"line":93,"column":5},"end":{"line":93,"column":6}},"loc":{"start":{"line":93,"column":15},"end":{"line":93,"column":32}},"line":93},"18":{"name":"(anonymous_18)","decl":{"start":{"line":94,"column":6},"end":{"line":94,"column":7}},"loc":{"start":{"line":94,"column":16},"end":{"line":94,"column":42}},"line":94},"19":{"name":"(anonymous_19)","decl":{"start":{"line":95,"column":5},"end":{"line":95,"column":6}},"loc":{"start":{"line":95,"column":15},"end":{"line":95,"column":32}},"line":95},"20":{"name":"format","decl":{"start":{"line":100,"column":9},"end":{"line":100,"column":15}},"loc":{"start":{"line":100,"column":33},"end":{"line":104,"column":1}},"line":100},"21":{"name":"(anonymous_21)","decl":{"start":{"line":101,"column":36},"end":{"line":101,"column":37}},"loc":{"start":{"line":101,"column":64},"end":{"line":103,"column":3}},"line":101}},"branchMap":{"0":{"loc":{"start":{"line":48,"column":2},"end":{"line":56,"column":3}},"type":"if","locations":[{"start":{"line":48,"column":2},"end":{"line":56,"column":3}},{"start":{"line":50,"column":9},"end":{"line":56,"column":3}}],"line":48},"1":{"loc":{"start":{"line":50,"column":9},"end":{"line":56,"column":3}},"type":"if","locations":[{"start":{"line":50,"column":9},"end":{"line":56,"column":3}},{"start":{"line":52,"column":9},"end":{"line":56,"column":3}}],"line":50},"2":{"loc":{"start":{"line":52,"column":9},"end":{"line":56,"column":3}},"type":"if","locations":[{"start":{"line":52,"column":9},"end":{"line":56,"column":3}},{"start":{"line":54,"column":9},"end":{"line":56,"column":3}}],"line":52},"3":{"loc":{"start":{"line":54,"column":9},"end":{"line":56,"column":3}},"type":"if","locations":[{"start":{"line":54,"column":9},"end":{"line":56,"column":3}},{"start":{},"end":{}}],"line":54},"4":{"loc":{"start":{"line":61,"column":2},"end":{"line":69,"column":3}},"type":"if","locations":[{"start":{"line":61,"column":2},"end":{"line":69,"column":3}},{"start":{"line":63,"column":9},"end":{"line":69,"column":3}}],"line":61},"5":{"loc":{"start":{"line":63,"column":9},"end":{"line":69,"column":3}},"type":"if","locations":[{"start":{"line":63,"column":9},"end":{"line":69,"column":3}},{"start":{"line":65,"column":9},"end":{"line":69,"column":3}}],"line":63},"6":{"loc":{"start":{"line":65,"column":9},"end":{"line":69,"column":3}},"type":"if","locations":[{"start":{"line":65,"column":9},"end":{"line":69,"column":3}},{"start":{"line":67,"column":9},"end":{"line":69,"column":3}}],"line":65},"7":{"loc":{"start":{"line":67,"column":9},"end":{"line":69,"column":3}},"type":"if","locations":[{"start":{"line":67,"column":9},"end":{"line":69,"column":3}},{"start":{},"end":{}}],"line":67}},"s":{"0":1,"1":5,"2":1,"3":1,"4":1,"5":1,"6":1,"7":1,"8":1,"9":1,"10":1,"11":1,"12":1,"13":0,"14":1,"15":1,"16":0,"17":0,"18":0,"19":0,"20":1,"21":1,"22":0,"23":1,"24":0,"25":1,"26":0,"27":1,"28":1,"29":1,"30":1,"31":1,"32":1,"33":1,"34":1,"35":1,"36":1,"37":1,"38":1,"39":1,"40":1,"41":1,"42":1,"43":1,"44":1,"45":1,"46":19,"47":1,"48":1,"49":1,"50":1},"f":{"0":5,"1":1,"2":1,"3":1,"4":1,"5":1,"6":1,"7":1,"8":1,"9":1,"10":1,"11":1,"12":1,"13":1,"14":1,"15":1,"16":1,"17":1,"18":1,"19":1,"20":1,"21":19},"b":{"0":[0,1],"1":[1,0],"2":[0,0],"3":[0,0],"4":[0,1],"5":[0,1],"6":[0,1],"7":[1,0]},"_coverageSchema":"1a1c01bbd47fc00a2c39e90264f33305004495a9","hash":"2b440fa8f5c937004db31a19e666ed94fe8b7088"}
,"C:\\Users\\User\\Desktop\\hristo-intern-tasks\\Exam2.1.js": {"path":"C:\\Users\\User\\Desktop\\hristo-intern-tasks\\Exam2.1.js","statementMap":{"0":{"start":{"line":1,"column":21},"end":{"line":14,"column":1}},"1":{"start":{"line":2,"column":14},"end":{"line":2,"column":24}},"2":{"start":{"line":4,"column":2},"end":{"line":12,"column":3}},"3":{"start":{"line":4,"column":15},"end":{"line":4,"column":16}},"4":{"start":{"line":5,"column":4},"end":{"line":11,"column":5}},"5":{"start":{"line":5,"column":17},"end":{"line":5,"column":18}},"6":{"start":{"line":6,"column":6},"end":{"line":10,"column":7}},"7":{"start":{"line":7,"column":21},"end":{"line":7,"column":27}},"8":{"start":{"line":8,"column":8},"end":{"line":8,"column":27}},"9":{"start":{"line":9,"column":8},"end":{"line":9,"column":25}},"10":{"start":{"line":13,"column":2},"end":{"line":13,"column":12}},"11":{"start":{"line":16,"column":14},"end":{"line":16,"column":40}},"12":{"start":{"line":18,"column":13},"end":{"line":20,"column":1}},"13":{"start":{"line":19,"column":2},"end":{"line":19,"column":21}},"14":{"start":{"line":21,"column":0},"end":{"line":21,"column":38}},"15":{"start":{"line":23,"column":0},"end":{"line":23,"column":29}}},"fnMap":{"0":{"name":"(anonymous_0)","decl":{"start":{"line":1,"column":21},"end":{"line":1,"column":22}},"loc":{"start":{"line":1,"column":34},"end":{"line":14,"column":1}},"line":1},"1":{"name":"(anonymous_1)","decl":{"start":{"line":18,"column":13},"end":{"line":18,"column":14}},"loc":{"start":{"line":18,"column":30},"end":{"line":20,"column":1}},"line":18}},"branchMap":{"0":{"loc":{"start":{"line":6,"column":6},"end":{"line":10,"column":7}},"type":"if","locations":[{"start":{"line":6,"column":6},"end":{"line":10,"column":7}},{"start":{},"end":{}}],"line":6}},"s":{"0":1,"1":4,"2":4,"3":4,"4":24,"5":24,"6":84,"7":43,"8":43,"9":43,"10":4,"11":1,"12":1,"13":28,"14":1,"15":1},"f":{"0":4,"1":28},"b":{"0":[43,41]},"_coverageSchema":"1a1c01bbd47fc00a2c39e90264f33305004495a9","hash":"1d63f81e9120058665ba25911823b872f4096a40"}
,"C:\\Users\\User\\Desktop\\hristo-intern-tasks\\Exam2.2-partOne.js": {"path":"C:\\Users\\User\\Desktop\\hristo-intern-tasks\\Exam2.2-partOne.js","statementMap":{"0":{"start":{"line":1,"column":20},"end":{"line":9,"column":1}},"1":{"start":{"line":2,"column":14},"end":{"line":2,"column":24}},"2":{"start":{"line":3,"column":2},"end":{"line":7,"column":3}},"3":{"start":{"line":3,"column":15},"end":{"line":3,"column":16}},"4":{"start":{"line":4,"column":4},"end":{"line":6,"column":5}},"5":{"start":{"line":5,"column":6},"end":{"line":5,"column":17}},"6":{"start":{"line":8,"column":2},"end":{"line":8,"column":14}},"7":{"start":{"line":11,"column":15},"end":{"line":11,"column":35}},"8":{"start":{"line":12,"column":14},"end":{"line":12,"column":139}},"9":{"start":{"line":12,"column":71},"end":{"line":12,"column":100}},"10":{"start":{"line":13,"column":0},"end":{"line":13,"column":39}},"11":{"start":{"line":15,"column":0},"end":{"line":15,"column":28}}},"fnMap":{"0":{"name":"(anonymous_0)","decl":{"start":{"line":1,"column":20},"end":{"line":1,"column":21}},"loc":{"start":{"line":1,"column":34},"end":{"line":9,"column":1}},"line":1},"1":{"name":"(anonymous_1)","decl":{"start":{"line":12,"column":63},"end":{"line":12,"column":64}},"loc":{"start":{"line":12,"column":69},"end":{"line":12,"column":102}},"line":12}},"branchMap":{"0":{"loc":{"start":{"line":4,"column":4},"end":{"line":6,"column":5}},"type":"if","locations":[{"start":{"line":4,"column":4},"end":{"line":6,"column":5}},{"start":{},"end":{}}],"line":4}},"s":{"0":1,"1":3,"2":3,"3":3,"4":15,"5":2,"6":1,"7":1,"8":1,"9":0,"10":1,"11":1},"f":{"0":3,"1":0},"b":{"0":[2,13]},"_coverageSchema":"1a1c01bbd47fc00a2c39e90264f33305004495a9","hash":"64366172a68f3546a6e7819ce35cf92233a917c0"}
,"C:\\Users\\User\\Desktop\\hristo-intern-tasks\\Exam2.3-partOne.js": {"path":"C:\\Users\\User\\Desktop\\hristo-intern-tasks\\Exam2.3-partOne.js","statementMap":{"0":{"start":{"line":1,"column":17},"end":{"line":12,"column":1}},"1":{"start":{"line":2,"column":26},"end":{"line":4,"column":4}},"2":{"start":{"line":3,"column":4},"end":{"line":3,"column":33}},"3":{"start":{"line":6,"column":2},"end":{"line":10,"column":3}},"4":{"start":{"line":6,"column":15},"end":{"line":6,"column":16}},"5":{"start":{"line":7,"column":4},"end":{"line":9,"column":5}},"6":{"start":{"line":8,"column":6},"end":{"line":8,"column":35}},"7":{"start":{"line":11,"column":2},"end":{"line":11,"column":13}},"8":{"start":{"line":14,"column":13},"end":{"line":14,"column":68}},"9":{"start":{"line":15,"column":13},"end":{"line":15,"column":91}},"10":{"start":{"line":15,"column":28},"end":{"line":15,"column":57}},"11":{"start":{"line":16,"column":0},"end":{"line":16,"column":33}}},"fnMap":{"0":{"name":"(anonymous_0)","decl":{"start":{"line":1,"column":17},"end":{"line":1,"column":18}},"loc":{"start":{"line":1,"column":33},"end":{"line":12,"column":1}},"line":1},"1":{"name":"(anonymous_1)","decl":{"start":{"line":2,"column":36},"end":{"line":2,"column":37}},"loc":{"start":{"line":2,"column":47},"end":{"line":4,"column":3}},"line":2},"2":{"name":"(anonymous_2)","decl":{"start":{"line":15,"column":20},"end":{"line":15,"column":21}},"loc":{"start":{"line":15,"column":26},"end":{"line":15,"column":59}},"line":15}},"branchMap":{"0":{"loc":{"start":{"line":7,"column":4},"end":{"line":9,"column":5}},"type":"if","locations":[{"start":{"line":7,"column":4},"end":{"line":9,"column":5}},{"start":{},"end":{}}],"line":7}},"s":{"0":1,"1":1,"2":3,"3":1,"4":1,"5":5,"6":3,"7":1,"8":1,"9":1,"10":0,"11":1},"f":{"0":1,"1":3,"2":0},"b":{"0":[3,2]},"_coverageSchema":"1a1c01bbd47fc00a2c39e90264f33305004495a9","hash":"f327679f456e2c59f8717efbcc5bc6095873c2fe"}
,"C:\\Users\\User\\Desktop\\hristo-intern-tasks\\Exam2.3-partTwo-FP.js": {"path":"C:\\Users\\User\\Desktop\\hristo-intern-tasks\\Exam2.3-partTwo-FP.js","statementMap":{"0":{"start":{"line":1,"column":13},"end":{"line":8,"column":1}},"1":{"start":{"line":3,"column":10},"end":{"line":3,"column":39}},"2":{"start":{"line":10,"column":13},"end":{"line":14,"column":1}},"3":{"start":{"line":15,"column":17},"end":{"line":15,"column":86}},"4":{"start":{"line":15,"column":24},"end":{"line":15,"column":86}},"5":{"start":{"line":17,"column":19},"end":{"line":25,"column":1}},"6":{"start":{"line":18,"column":17},"end":{"line":18,"column":50}},"7":{"start":{"line":19,"column":18},"end":{"line":19,"column":39}},"8":{"start":{"line":21,"column":2},"end":{"line":24,"column":28}},"9":{"start":{"line":22,"column":19},"end":{"line":24,"column":27}},"10":{"start":{"line":27,"column":0},"end":{"line":27,"column":35}},"11":{"start":{"line":29,"column":0},"end":{"line":29,"column":27}}},"fnMap":{"0":{"name":"(anonymous_0)","decl":{"start":{"line":3,"column":2},"end":{"line":3,"column":3}},"loc":{"start":{"line":3,"column":8},"end":{"line":3,"column":41}},"line":3},"1":{"name":"(anonymous_1)","decl":{"start":{"line":15,"column":17},"end":{"line":15,"column":18}},"loc":{"start":{"line":15,"column":24},"end":{"line":15,"column":86}},"line":15},"2":{"name":"(anonymous_2)","decl":{"start":{"line":17,"column":19},"end":{"line":17,"column":20}},"loc":{"start":{"line":17,"column":35},"end":{"line":25,"column":1}},"line":17},"3":{"name":"(anonymous_3)","decl":{"start":{"line":22,"column":4},"end":{"line":22,"column":5}},"loc":{"start":{"line":22,"column":19},"end":{"line":24,"column":27}},"line":22}},"branchMap":{"0":{"loc":{"start":{"line":15,"column":24},"end":{"line":15,"column":86}},"type":"binary-expr","locations":[{"start":{"line":15,"column":24},"end":{"line":15,"column":47}},{"start":{"line":15,"column":51},"end":{"line":15,"column":63}},{"start":{"line":15,"column":67},"end":{"line":15,"column":86}}],"line":15},"1":{"loc":{"start":{"line":22,"column":19},"end":{"line":24,"column":27}},"type":"cond-expr","locations":[{"start":{"line":23,"column":8},"end":{"line":23,"column":26}},{"start":{"line":24,"column":8},"end":{"line":24,"column":27}}],"line":22}},"s":{"0":1,"1":0,"2":1,"3":1,"4":18,"5":1,"6":3,"7":3,"8":3,"9":6,"10":1,"11":1},"f":{"0":0,"1":18,"2":3,"3":6},"b":{"0":[18,15,12],"1":[4,2]},"_coverageSchema":"1a1c01bbd47fc00a2c39e90264f33305004495a9","hash":"8c8b60f982e1d5893d67d6995df7630dac7246e5"}
,"C:\\Users\\User\\Desktop\\hristo-intern-tasks\\Exam2.4-partOne.js": {"path":"C:\\Users\\User\\Desktop\\hristo-intern-tasks\\Exam2.4-partOne.js","statementMap":{"0":{"start":{"line":1,"column":18},"end":{"line":5,"column":1}},"1":{"start":{"line":2,"column":2},"end":{"line":4,"column":47}},"2":{"start":{"line":3,"column":20},"end":{"line":3,"column":31}},"3":{"start":{"line":4,"column":30},"end":{"line":4,"column":43}},"4":{"start":{"line":7,"column":13},"end":{"line":7,"column":34}},"5":{"start":{"line":8,"column":19},"end":{"line":8,"column":20}},"6":{"start":{"line":9,"column":0},"end":{"line":9,"column":40}},"7":{"start":{"line":11,"column":0},"end":{"line":11,"column":26}}},"fnMap":{"0":{"name":"(anonymous_0)","decl":{"start":{"line":1,"column":18},"end":{"line":1,"column":19}},"loc":{"start":{"line":1,"column":35},"end":{"line":5,"column":1}},"line":1},"1":{"name":"(anonymous_1)","decl":{"start":{"line":3,"column":12},"end":{"line":3,"column":13}},"loc":{"start":{"line":3,"column":20},"end":{"line":3,"column":31}},"line":3},"2":{"name":"(anonymous_2)","decl":{"start":{"line":4,"column":12},"end":{"line":4,"column":13}},"loc":{"start":{"line":4,"column":30},"end":{"line":4,"column":43}},"line":4}},"branchMap":{},"s":{"0":1,"1":2,"2":14,"3":6,"4":1,"5":1,"6":1,"7":1},"f":{"0":2,"1":14,"2":6},"b":{},"_coverageSchema":"1a1c01bbd47fc00a2c39e90264f33305004495a9","hash":"4041c1f556ed45791c704360fc2d45bb4148d133"}
,"C:\\Users\\User\\Desktop\\hristo-intern-tasks\\Exam2.4-partTwo.js": {"path":"C:\\Users\\User\\Desktop\\hristo-intern-tasks\\Exam2.4-partTwo.js","statementMap":{"0":{"start":{"line":1,"column":18},"end":{"line":6,"column":1}},"1":{"start":{"line":2,"column":2},"end":{"line":5,"column":3}},"2":{"start":{"line":3,"column":23},"end":{"line":3,"column":71}},"3":{"start":{"line":7,"column":13},"end":{"line":7,"column":34}},"4":{"start":{"line":8,"column":18},"end":{"line":8,"column":19}},"5":{"start":{"line":9,"column":0},"end":{"line":9,"column":39}},"6":{"start":{"line":11,"column":0},"end":{"line":11,"column":26}}},"fnMap":{"0":{"name":"(anonymous_0)","decl":{"start":{"line":1,"column":18},"end":{"line":1,"column":19}},"loc":{"start":{"line":1,"column":35},"end":{"line":6,"column":1}},"line":1},"1":{"name":"(anonymous_1)","decl":{"start":{"line":3,"column":4},"end":{"line":3,"column":5}},"loc":{"start":{"line":3,"column":23},"end":{"line":3,"column":71}},"line":3}},"branchMap":{"0":{"loc":{"start":{"line":3,"column":23},"end":{"line":3,"column":71}},"type":"cond-expr","locations":[{"start":{"line":3,"column":45},"end":{"line":3,"column":62}},{"start":{"line":3,"column":65},"end":{"line":3,"column":71}}],"line":3}},"s":{"0":1,"1":2,"2":14,"3":1,"4":1,"5":1,"6":1},"f":{"0":2,"1":14},"b":{"0":[6,8]},"_coverageSchema":"1a1c01bbd47fc00a2c39e90264f33305004495a9","hash":"4cccbf0315f0156d7f1252e0d813c901dae9894c"}
,"C:\\Users\\User\\Desktop\\hristo-intern-tasks\\Exam2.5.js": {"path":"C:\\Users\\User\\Desktop\\hristo-intern-tasks\\Exam2.5.js","statementMap":{"0":{"start":{"line":1,"column":24},"end":{"line":1,"column":64}},"1":{"start":{"line":1,"column":29},"end":{"line":1,"column":64}},"2":{"start":{"line":3,"column":18},"end":{"line":9,"column":61}},"3":{"start":{"line":4,"column":2},"end":{"line":9,"column":61}},"4":{"start":{"line":5,"column":4},"end":{"line":7,"column":45}},"5":{"start":{"line":9,"column":32},"end":{"line":9,"column":55}},"6":{"start":{"line":11,"column":16},"end":{"line":11,"column":74}},"7":{"start":{"line":11,"column":23},"end":{"line":11,"column":74}},"8":{"start":{"line":11,"column":36},"end":{"line":11,"column":73}},"9":{"start":{"line":13,"column":14},"end":{"line":43,"column":1}},"10":{"start":{"line":45,"column":0},"end":{"line":45,"column":27}},"11":{"start":{"line":47,"column":0},"end":{"line":47,"column":24}}},"fnMap":{"0":{"name":"(anonymous_0)","decl":{"start":{"line":1,"column":24},"end":{"line":1,"column":25}},"loc":{"start":{"line":1,"column":29},"end":{"line":1,"column":64}},"line":1},"1":{"name":"(anonymous_1)","decl":{"start":{"line":3,"column":18},"end":{"line":3,"column":19}},"loc":{"start":{"line":4,"column":2},"end":{"line":9,"column":61}},"line":4},"2":{"name":"(anonymous_2)","decl":{"start":{"line":4,"column":31},"end":{"line":4,"column":32}},"loc":{"start":{"line":5,"column":4},"end":{"line":7,"column":45}},"line":5},"3":{"name":"(anonymous_3)","decl":{"start":{"line":9,"column":12},"end":{"line":9,"column":13}},"loc":{"start":{"line":9,"column":32},"end":{"line":9,"column":55}},"line":9},"4":{"name":"(anonymous_4)","decl":{"start":{"line":11,"column":16},"end":{"line":11,"column":17}},"loc":{"start":{"line":11,"column":23},"end":{"line":11,"column":74}},"line":11},"5":{"name":"(anonymous_5)","decl":{"start":{"line":11,"column":31},"end":{"line":11,"column":32}},"loc":{"start":{"line":11,"column":36},"end":{"line":11,"column":73}},"line":11}},"branchMap":{"0":{"loc":{"start":{"line":1,"column":29},"end":{"line":1,"column":64}},"type":"binary-expr","locations":[{"start":{"line":1,"column":29},"end":{"line":1,"column":50}},{"start":{"line":1,"column":54},"end":{"line":1,"column":64}}],"line":1},"1":{"loc":{"start":{"line":3,"column":29},"end":{"line":3,"column":40}},"type":"default-arg","locations":[{"start":{"line":3,"column":38},"end":{"line":3,"column":40}}],"line":3},"2":{"loc":{"start":{"line":5,"column":4},"end":{"line":7,"column":45}},"type":"cond-expr","locations":[{"start":{"line":6,"column":8},"end":{"line":6,"column":40}},{"start":{"line":7,"column":8},"end":{"line":7,"column":45}}],"line":5},"3":{"loc":{"start":{"line":11,"column":36},"end":{"line":11,"column":73}},"type":"cond-expr","locations":[{"start":{"line":11,"column":57},"end":{"line":11,"column":69}},{"start":{"line":11,"column":72},"end":{"line":11,"column":73}}],"line":11}},"s":{"0":1,"1":58,"2":1,"3":20,"4":50,"5":50,"6":1,"7":2,"8":8,"9":1,"10":1,"11":1},"f":{"0":58,"1":20,"2":50,"3":50,"4":2,"5":8},"b":{"0":[58,20],"1":[4],"2":[16,34],"3":[4,4]},"_coverageSchema":"1a1c01bbd47fc00a2c39e90264f33305004495a9","hash":"924341b0ed8e1eda4ed73d6d3f7fcb000991ed90"}
,"C:\\Users\\User\\Desktop\\hristo-intern-tasks\\Exam2.6.js": {"path":"C:\\Users\\User\\Desktop\\hristo-intern-tasks\\Exam2.6.js","statementMap":{"0":{"start":{"line":1,"column":20},"end":{"line":8,"column":1}},"1":{"start":{"line":2,"column":20},"end":{"line":2,"column":30}},"2":{"start":{"line":4,"column":30},"end":{"line":4,"column":57}},"3":{"start":{"line":5,"column":26},"end":{"line":5,"column":61}},"4":{"start":{"line":7,"column":2},"end":{"line":7,"column":75}},"5":{"start":{"line":10,"column":12},"end":{"line":10,"column":43}},"6":{"start":{"line":11,"column":19},"end":{"line":11,"column":21}},"7":{"start":{"line":13,"column":0},"end":{"line":13,"column":41}},"8":{"start":{"line":15,"column":0},"end":{"line":15,"column":28}}},"fnMap":{"0":{"name":"(anonymous_0)","decl":{"start":{"line":1,"column":20},"end":{"line":1,"column":21}},"loc":{"start":{"line":1,"column":38},"end":{"line":8,"column":1}},"line":1}},"branchMap":{},"s":{"0":1,"1":2,"2":2,"3":2,"4":2,"5":1,"6":1,"7":1,"8":1},"f":{"0":2},"b":{},"_coverageSchema":"1a1c01bbd47fc00a2c39e90264f33305004495a9","hash":"1d51fbfa7664dc64ad8398eac591c4bb671328a9"}
,"C:\\Users\\User\\Desktop\\hristo-intern-tasks\\Exam2.7.js": {"path":"C:\\Users\\User\\Desktop\\hristo-intern-tasks\\Exam2.7.js","statementMap":{"0":{"start":{"line":1,"column":18},"end":{"line":22,"column":1}},"1":{"start":{"line":2,"column":14},"end":{"line":2,"column":17}},"2":{"start":{"line":3,"column":2},"end":{"line":3,"column":47}},"3":{"start":{"line":3,"column":27},"end":{"line":3,"column":46}},"4":{"start":{"line":4,"column":2},"end":{"line":4,"column":20}},"5":{"start":{"line":6,"column":17},"end":{"line":6,"column":19}},"6":{"start":{"line":7,"column":17},"end":{"line":7,"column":19}},"7":{"start":{"line":9,"column":2},"end":{"line":20,"column":3}},"8":{"start":{"line":9,"column":15},"end":{"line":9,"column":16}},"9":{"start":{"line":10,"column":4},"end":{"line":19,"column":5}},"10":{"start":{"line":11,"column":6},"end":{"line":11,"column":25}},"11":{"start":{"line":12,"column":11},"end":{"line":19,"column":5}},"12":{"start":{"line":13,"column":6},"end":{"line":13,"column":25}},"13":{"start":{"line":14,"column":6},"end":{"line":18,"column":7}},"14":{"start":{"line":15,"column":8},"end":{"line":15,"column":50}},"15":{"start":{"line":17,"column":8},"end":{"line":17,"column":39}},"16":{"start":{"line":21,"column":2},"end":{"line":21,"column":17}},"17":{"start":{"line":24,"column":14},"end":{"line":24,"column":45}},"18":{"start":{"line":26,"column":0},"end":{"line":26,"column":29}},"19":{"start":{"line":28,"column":0},"end":{"line":28,"column":26}}},"fnMap":{"0":{"name":"(anonymous_0)","decl":{"start":{"line":1,"column":18},"end":{"line":1,"column":19}},"loc":{"start":{"line":1,"column":27},"end":{"line":22,"column":1}},"line":1},"1":{"name":"(anonymous_1)","decl":{"start":{"line":3,"column":21},"end":{"line":3,"column":22}},"loc":{"start":{"line":3,"column":27},"end":{"line":3,"column":46}},"line":3}},"branchMap":{"0":{"loc":{"start":{"line":10,"column":4},"end":{"line":19,"column":5}},"type":"if","locations":[{"start":{"line":10,"column":4},"end":{"line":19,"column":5}},{"start":{"line":12,"column":11},"end":{"line":19,"column":5}}],"line":10},"1":{"loc":{"start":{"line":12,"column":11},"end":{"line":19,"column":5}},"type":"if","locations":[{"start":{"line":12,"column":11},"end":{"line":19,"column":5}},{"start":{},"end":{}}],"line":12},"2":{"loc":{"start":{"line":14,"column":6},"end":{"line":18,"column":7}},"type":"if","locations":[{"start":{"line":14,"column":6},"end":{"line":18,"column":7}},{"start":{"line":16,"column":13},"end":{"line":18,"column":7}}],"line":14}},"s":{"0":1,"1":1,"2":1,"3":23,"4":1,"5":1,"6":1,"7":1,"8":1,"9":10,"10":5,"11":5,"12":3,"13":3,"14":2,"15":1,"16":1,"17":1,"18":1,"19":1},"f":{"0":1,"1":23},"b":{"0":[5,5],"1":[3,2],"2":[2,1]},"_coverageSchema":"1a1c01bbd47fc00a2c39e90264f33305004495a9","hash":"8a9e7a32bc534510a60963611adda2331d51c425"}
,"C:\\Users\\User\\Desktop\\hristo-intern-tasks\\Exam2.8-partOne-FP.js": {"path":"C:\\Users\\User\\Desktop\\hristo-intern-tasks\\Exam2.8-partOne-FP.js","statementMap":{"0":{"start":{"line":1,"column":22},"end":{"line":14,"column":1}},"1":{"start":{"line":2,"column":2},"end":{"line":2,"column":43}},"2":{"start":{"line":2,"column":35},"end":{"line":2,"column":43}},"3":{"start":{"line":3,"column":2},"end":{"line":3,"column":43}},"4":{"start":{"line":3,"column":35},"end":{"line":3,"column":43}},"5":{"start":{"line":4,"column":2},"end":{"line":4,"column":44}},"6":{"start":{"line":4,"column":36},"end":{"line":4,"column":44}},"7":{"start":{"line":5,"column":2},"end":{"line":5,"column":32}},"8":{"start":{"line":5,"column":24},"end":{"line":5,"column":32}},"9":{"start":{"line":6,"column":2},"end":{"line":6,"column":72}},"10":{"start":{"line":6,"column":63},"end":{"line":6,"column":72}},"11":{"start":{"line":7,"column":2},"end":{"line":7,"column":37}},"12":{"start":{"line":7,"column":29},"end":{"line":7,"column":37}},"13":{"start":{"line":8,"column":2},"end":{"line":13,"column":3}},"14":{"start":{"line":9,"column":4},"end":{"line":12,"column":5}},"15":{"start":{"line":11,"column":50},"end":{"line":11,"column":74}},"16":{"start":{"line":16,"column":21},"end":{"line":17,"column":50}},"17":{"start":{"line":17,"column":2},"end":{"line":17,"column":50}},"18":{"start":{"line":17,"column":21},"end":{"line":17,"column":49}},"19":{"start":{"line":19,"column":14},"end":{"line":27,"column":1}},"20":{"start":{"line":29,"column":15},"end":{"line":29,"column":17}},"21":{"start":{"line":31,"column":15},"end":{"line":31,"column":42}},"22":{"start":{"line":32,"column":0},"end":{"line":32,"column":19}},"23":{"start":{"line":34,"column":0},"end":{"line":34,"column":29}}},"fnMap":{"0":{"name":"(anonymous_0)","decl":{"start":{"line":1,"column":22},"end":{"line":1,"column":23}},"loc":{"start":{"line":1,"column":35},"end":{"line":14,"column":1}},"line":1},"1":{"name":"(anonymous_1)","decl":{"start":{"line":11,"column":36},"end":{"line":11,"column":37}},"loc":{"start":{"line":11,"column":50},"end":{"line":11,"column":74}},"line":11},"2":{"name":"(anonymous_2)","decl":{"start":{"line":16,"column":21},"end":{"line":16,"column":22}},"loc":{"start":{"line":17,"column":2},"end":{"line":17,"column":50}},"line":17},"3":{"name":"(anonymous_3)","decl":{"start":{"line":17,"column":13},"end":{"line":17,"column":14}},"loc":{"start":{"line":17,"column":21},"end":{"line":17,"column":49}},"line":17}},"branchMap":{"0":{"loc":{"start":{"line":2,"column":2},"end":{"line":2,"column":43}},"type":"if","locations":[{"start":{"line":2,"column":2},"end":{"line":2,"column":43}},{"start":{},"end":{}}],"line":2},"1":{"loc":{"start":{"line":3,"column":2},"end":{"line":3,"column":43}},"type":"if","locations":[{"start":{"line":3,"column":2},"end":{"line":3,"column":43}},{"start":{},"end":{}}],"line":3},"2":{"loc":{"start":{"line":4,"column":2},"end":{"line":4,"column":44}},"type":"if","locations":[{"start":{"line":4,"column":2},"end":{"line":4,"column":44}},{"start":{},"end":{}}],"line":4},"3":{"loc":{"start":{"line":5,"column":2},"end":{"line":5,"column":32}},"type":"if","locations":[{"start":{"line":5,"column":2},"end":{"line":5,"column":32}},{"start":{},"end":{}}],"line":5},"4":{"loc":{"start":{"line":6,"column":2},"end":{"line":6,"column":72}},"type":"if","locations":[{"start":{"line":6,"column":2},"end":{"line":6,"column":72}},{"start":{},"end":{}}],"line":6},"5":{"loc":{"start":{"line":6,"column":6},"end":{"line":6,"column":61}},"type":"binary-expr","locations":[{"start":{"line":6,"column":6},"end":{"line":6,"column":35}},{"start":{"line":6,"column":39},"end":{"line":6,"column":61}}],"line":6},"6":{"loc":{"start":{"line":7,"column":2},"end":{"line":7,"column":37}},"type":"if","locations":[{"start":{"line":7,"column":2},"end":{"line":7,"column":37}},{"start":{},"end":{}}],"line":7},"7":{"loc":{"start":{"line":8,"column":2},"end":{"line":13,"column":3}},"type":"if","locations":[{"start":{"line":8,"column":2},"end":{"line":13,"column":3}},{"start":{},"end":{}}],"line":8},"8":{"loc":{"start":{"line":8,"column":6},"end":{"line":8,"column":53}},"type":"binary-expr","locations":[{"start":{"line":8,"column":6},"end":{"line":8,"column":33}},{"start":{"line":8,"column":37},"end":{"line":8,"column":53}}],"line":8}},"s":{"0":1,"1":18,"2":8,"3":10,"4":4,"5":6,"6":0,"7":6,"8":2,"9":4,"10":0,"11":4,"12":2,"13":2,"14":2,"15":4,"16":1,"17":3,"18":14,"19":1,"20":1,"21":1,"22":1,"23":1},"f":{"0":18,"1":4,"2":3,"3":14},"b":{"0":[8,10],"1":[4,6],"2":[0,6],"3":[2,4],"4":[0,4],"5":[4,4],"6":[2,2],"7":[2,0],"8":[2,2]},"_coverageSchema":"1a1c01bbd47fc00a2c39e90264f33305004495a9","hash":"89008cdd83204184a2da3a5211fa38adc6815aa7"}
}
