TN:
SF:Exam1.1.js
FN:4,(anonymous_0)
FN:4,(anonymous_1)
FNF:2
FNH:2
FNDA:4,(anonymous_0)
FNDA:26,(anonymous_1)
DA:1,1
DA:4,26
DA:6,1
DA:8,1
LF:4
LH:4
BRF:0
BRH:0
end_of_record
TN:
SF:Exam1.2.js
FN:5,(anonymous_0)
FNF:1
FNH:1
FNDA:3,(anonymous_0)
DA:2,1
DA:3,1
DA:5,1
DA:6,3
DA:8,3
DA:9,12
DA:10,80
DA:11,16
DA:12,16
DA:13,16
DA:17,3
DA:19,1
DA:20,1
DA:22,1
LF:14
LH:14
BRDA:10,0,0,16
BRDA:10,0,1,64
BRF:2
BRH:2
end_of_record
TN:
SF:Exam1.4.js
FN:1,(anonymous_0)
FN:3,countArray
FNF:2
FNH:1
FNDA:0,(anonymous_0)
FNDA:10,countArray
DA:1,1
DA:4,10
DA:6,9
DA:18,9
DA:19,16
DA:20,4
DA:21,4
DA:23,12
DA:24,1
DA:25,1
DA:27,11
DA:28,2
DA:29,2
DA:31,9
DA:32,2
DA:33,2
DA:35,7
DA:36,1
DA:37,1
DA:39,6
DA:40,2
DA:41,2
DA:43,4
DA:44,1
DA:45,1
DA:47,3
DA:48,1
DA:49,1
DA:51,2
DA:52,2
DA:53,2
DA:56,9
DA:58,1
DA:59,1
DA:61,1
LF:35
LH:35
BRDA:4,0,0,1
BRDA:4,0,1,9
BRDA:19,1,0,4
BRDA:19,1,1,12
BRDA:23,2,0,1
BRDA:23,2,1,11
BRDA:23,3,0,12
BRDA:23,3,1,1
BRDA:27,4,0,2
BRDA:27,4,1,9
BRDA:31,5,0,2
BRDA:31,5,1,7
BRDA:35,6,0,1
BRDA:35,6,1,6
BRDA:39,7,0,2
BRDA:39,7,1,4
BRDA:43,8,0,1
BRDA:43,8,1,3
BRDA:47,9,0,1
BRDA:47,9,1,2
BRDA:51,10,0,2
BRDA:51,10,1,0
BRF:22
BRH:21
end_of_record
TN:
SF:Exam1.5-partOne.js
FN:9,(anonymous_0)
FN:13,(anonymous_1)
FN:15,(anonymous_2)
FNF:3
FNH:2
FNDA:0,(anonymous_0)
FNDA:9,(anonymous_1)
FNDA:26,(anonymous_2)
DA:1,1
DA:13,1
DA:14,9
DA:15,9
DA:16,26
DA:17,5
DA:18,21
DA:19,5
DA:20,16
DA:21,3
DA:22,13
DA:23,9
DA:24,4
DA:25,3
DA:26,1
DA:27,1
DA:30,9
DA:32,1
DA:34,1
LF:19
LH:19
BRDA:16,0,0,5
BRDA:16,0,1,21
BRDA:18,1,0,5
BRDA:18,1,1,16
BRDA:20,2,0,3
BRDA:20,2,1,13
BRDA:22,3,0,9
BRDA:22,3,1,4
BRDA:22,4,0,13
BRDA:22,4,1,7
BRDA:22,4,2,4
BRDA:24,5,0,3
BRDA:24,5,1,1
BRDA:26,6,0,1
BRDA:26,6,1,0
BRF:15
BRH:14
end_of_record
TN:
SF:Exam1.6-partOne.js
FN:1,(anonymous_0)
FNF:1
FNH:1
FNDA:5,(anonymous_0)
DA:1,1
DA:2,5
DA:5,5
DA:7,5
DA:8,20
DA:9,20
DA:10,6
DA:11,6
DA:14,5
DA:17,1
DA:18,1
DA:20,1
LF:12
LH:12
BRDA:1,0,0,1
BRDA:9,1,0,6
BRDA:9,1,1,14
BRF:3
BRH:3
end_of_record
TN:
SF:Exam1.6-partTwo.js
FN:1,(anonymous_0)
FNF:1
FNH:1
FNDA:3,(anonymous_0)
DA:1,1
DA:2,3
DA:5,3
DA:7,3
DA:8,17
DA:9,17
DA:10,2
DA:11,2
DA:14,3
DA:17,1
DA:18,1
DA:19,1
DA:21,1
LF:13
LH:13
BRDA:9,0,0,2
BRDA:9,0,1,15
BRDA:9,1,0,17
BRDA:9,1,1,6
BRF:4
BRH:4
end_of_record
TN:
SF:Exam1.7.js
FN:1,(anonymous_0)
FN:3,(anonymous_1)
FNF:2
FNH:2
FNDA:18,(anonymous_0)
FNDA:3,(anonymous_1)
DA:1,18
DA:3,1
DA:4,3
DA:5,3
DA:6,3
DA:7,3
DA:8,3
DA:9,3
DA:10,3
DA:12,3
DA:15,1
DA:16,1
DA:17,1
DA:19,1
LF:14
LH:14
BRDA:3,0,0,1
BRF:1
BRH:1
end_of_record
TN:
SF:Exam1.8.js
FN:1,(anonymous_0)
FN:3,(anonymous_1)
FN:3,(anonymous_2)
FN:5,(anonymous_3)
FN:6,(anonymous_4)
FN:7,(anonymous_5)
FN:8,(anonymous_6)
FN:9,(anonymous_7)
FN:10,(anonymous_8)
FN:21,(anonymous_9)
FNF:10
FNH:7
FNDA:5,(anonymous_0)
FNDA:6,(anonymous_1)
FNDA:5,(anonymous_2)
FNDA:2,(anonymous_3)
FNDA:2,(anonymous_4)
FNDA:1,(anonymous_5)
FNDA:0,(anonymous_6)
FNDA:0,(anonymous_7)
FNDA:0,(anonymous_8)
FNDA:2,(anonymous_9)
DA:1,5
DA:3,6
DA:5,2
DA:6,2
DA:7,1
DA:8,1
DA:9,1
DA:10,1
DA:12,1
DA:21,1
DA:22,2
DA:23,2
DA:24,5
DA:25,5
DA:29,1
DA:30,1
DA:32,1
DA:34,1
LF:18
LH:18
BRDA:25,0,0,2
BRDA:25,0,1,3
BRF:2
BRH:2
end_of_record
TN:
SF:Exam1.9.js
FN:1,(anonymous_0)
FN:27,getDayShortName
FN:32,getDayLongName
FN:37,getMonthShortName
FN:42,getMonthLongName
FN:47,getQuarter
FN:59,getDayOfMonth
FN:72,getWeekOfYear
FN:79,(anonymous_8)
FN:82,(anonymous_9)
FN:83,(anonymous_10)
FN:85,(anonymous_11)
FN:86,(anonymous_12)
FN:89,(anonymous_13)
FN:90,(anonymous_14)
FN:91,(anonymous_15)
FN:92,(anonymous_16)
FN:93,(anonymous_17)
FN:94,(anonymous_18)
FN:95,(anonymous_19)
FN:100,format
FN:101,(anonymous_21)
FNF:22
FNH:22
FNDA:5,(anonymous_0)
FNDA:1,getDayShortName
FNDA:1,getDayLongName
FNDA:1,getMonthShortName
FNDA:1,getMonthLongName
FNDA:1,getQuarter
FNDA:1,getDayOfMonth
FNDA:1,getWeekOfYear
FNDA:1,(anonymous_8)
FNDA:1,(anonymous_9)
FNDA:1,(anonymous_10)
FNDA:1,(anonymous_11)
FNDA:1,(anonymous_12)
FNDA:1,(anonymous_13)
FNDA:1,(anonymous_14)
FNDA:1,(anonymous_15)
FNDA:1,(anonymous_16)
FNDA:1,(anonymous_17)
FNDA:1,(anonymous_18)
FNDA:1,(anonymous_19)
FNDA:1,format
FNDA:19,(anonymous_21)
DA:1,5
DA:3,1
DA:17,1
DA:28,1
DA:29,1
DA:33,1
DA:34,1
DA:38,1
DA:39,1
DA:43,1
DA:44,1
DA:48,1
DA:49,0
DA:50,1
DA:51,1
DA:52,0
DA:53,0
DA:54,0
DA:55,0
DA:60,1
DA:61,1
DA:62,0
DA:63,1
DA:64,0
DA:65,1
DA:66,0
DA:67,1
DA:68,1
DA:73,1
DA:74,1
DA:75,1
DA:78,1
DA:79,1
DA:82,1
DA:83,1
DA:85,1
DA:86,1
DA:89,1
DA:90,1
DA:91,1
DA:92,1
DA:93,1
DA:94,1
DA:95,1
DA:101,1
DA:102,19
DA:106,1
DA:107,1
DA:109,1
DA:111,1
LF:50
LH:42
BRDA:48,0,0,0
BRDA:48,0,1,1
BRDA:50,1,0,1
BRDA:50,1,1,0
BRDA:52,2,0,0
BRDA:52,2,1,0
BRDA:54,3,0,0
BRDA:54,3,1,0
BRDA:61,4,0,0
BRDA:61,4,1,1
BRDA:63,5,0,0
BRDA:63,5,1,1
BRDA:65,6,0,0
BRDA:65,6,1,1
BRDA:67,7,0,1
BRDA:67,7,1,0
BRF:16
BRH:6
end_of_record
TN:
SF:Exam2.1.js
FN:1,(anonymous_0)
FN:18,(anonymous_1)
FNF:2
FNH:2
FNDA:4,(anonymous_0)
FNDA:28,(anonymous_1)
DA:1,1
DA:2,4
DA:4,4
DA:5,24
DA:6,84
DA:7,43
DA:8,43
DA:9,43
DA:13,4
DA:16,1
DA:18,1
DA:19,28
DA:21,1
DA:23,1
LF:14
LH:14
BRDA:6,0,0,43
BRDA:6,0,1,41
BRF:2
BRH:2
end_of_record
TN:
SF:Exam2.2-partOne.js
FN:1,(anonymous_0)
FN:12,(anonymous_1)
FNF:2
FNH:1
FNDA:3,(anonymous_0)
FNDA:0,(anonymous_1)
DA:1,1
DA:2,3
DA:3,3
DA:4,15
DA:5,2
DA:8,1
DA:11,1
DA:12,1
DA:13,1
DA:15,1
LF:10
LH:10
BRDA:4,0,0,2
BRDA:4,0,1,13
BRF:2
BRH:2
end_of_record
TN:
SF:Exam2.3-partOne.js
FN:1,(anonymous_0)
FN:2,(anonymous_1)
FN:15,(anonymous_2)
FNF:3
FNH:2
FNDA:1,(anonymous_0)
FNDA:3,(anonymous_1)
FNDA:0,(anonymous_2)
DA:1,1
DA:2,1
DA:3,3
DA:6,1
DA:7,5
DA:8,3
DA:11,1
DA:14,1
DA:15,1
DA:16,1
LF:10
LH:10
BRDA:7,0,0,3
BRDA:7,0,1,2
BRF:2
BRH:2
end_of_record
TN:
SF:Exam2.3-partTwo-FP.js
FN:3,(anonymous_0)
FN:15,(anonymous_1)
FN:17,(anonymous_2)
FN:22,(anonymous_3)
FNF:4
FNH:3
FNDA:0,(anonymous_0)
FNDA:18,(anonymous_1)
FNDA:3,(anonymous_2)
FNDA:6,(anonymous_3)
DA:1,1
DA:3,0
DA:10,1
DA:15,18
DA:17,1
DA:18,3
DA:19,3
DA:21,3
DA:22,6
DA:27,1
DA:29,1
LF:11
LH:10
BRDA:15,0,0,18
BRDA:15,0,1,15
BRDA:15,0,2,12
BRDA:22,1,0,4
BRDA:22,1,1,2
BRF:5
BRH:5
end_of_record
TN:
SF:Exam2.4-partOne.js
FN:1,(anonymous_0)
FN:3,(anonymous_1)
FN:4,(anonymous_2)
FNF:3
FNH:3
FNDA:2,(anonymous_0)
FNDA:14,(anonymous_1)
FNDA:6,(anonymous_2)
DA:1,1
DA:2,2
DA:3,14
DA:4,6
DA:7,1
DA:8,1
DA:9,1
DA:11,1
LF:8
LH:8
BRF:0
BRH:0
end_of_record
TN:
SF:Exam2.4-partTwo.js
FN:1,(anonymous_0)
FN:3,(anonymous_1)
FNF:2
FNH:2
FNDA:2,(anonymous_0)
FNDA:14,(anonymous_1)
DA:1,1
DA:2,2
DA:3,14
DA:7,1
DA:8,1
DA:9,1
DA:11,1
LF:7
LH:7
BRDA:3,0,0,6
BRDA:3,0,1,8
BRF:2
BRH:2
end_of_record
TN:
SF:Exam2.5.js
FN:1,(anonymous_0)
FN:3,(anonymous_1)
FN:4,(anonymous_2)
FN:9,(anonymous_3)
FN:11,(anonymous_4)
FN:11,(anonymous_5)
FNF:6
FNH:6
FNDA:58,(anonymous_0)
FNDA:20,(anonymous_1)
FNDA:50,(anonymous_2)
FNDA:50,(anonymous_3)
FNDA:2,(anonymous_4)
FNDA:8,(anonymous_5)
DA:1,58
DA:3,1
DA:4,20
DA:5,50
DA:9,50
DA:11,8
DA:13,1
DA:45,1
DA:47,1
LF:9
LH:9
BRDA:1,0,0,58
BRDA:1,0,1,20
BRDA:3,1,0,4
BRDA:5,2,0,16
BRDA:5,2,1,34
BRDA:11,3,0,4
BRDA:11,3,1,4
BRF:7
BRH:7
end_of_record
TN:
SF:Exam2.6.js
FN:1,(anonymous_0)
FNF:1
FNH:1
FNDA:2,(anonymous_0)
DA:1,1
DA:2,2
DA:4,2
DA:5,2
DA:7,2
DA:10,1
DA:11,1
DA:13,1
DA:15,1
LF:9
LH:9
BRF:0
BRH:0
end_of_record
TN:
SF:Exam2.7.js
FN:1,(anonymous_0)
FN:3,(anonymous_1)
FNF:2
FNH:2
FNDA:1,(anonymous_0)
FNDA:23,(anonymous_1)
DA:1,1
DA:2,1
DA:3,23
DA:4,1
DA:6,1
DA:7,1
DA:9,1
DA:10,10
DA:11,5
DA:12,5
DA:13,3
DA:14,3
DA:15,2
DA:17,1
DA:21,1
DA:24,1
DA:26,1
DA:28,1
LF:18
LH:18
BRDA:10,0,0,5
BRDA:10,0,1,5
BRDA:12,1,0,3
BRDA:12,1,1,2
BRDA:14,2,0,2
BRDA:14,2,1,1
BRF:6
BRH:6
end_of_record
TN:
SF:Exam2.8-partOne-FP.js
FN:1,(anonymous_0)
FN:11,(anonymous_1)
FN:16,(anonymous_2)
FN:17,(anonymous_3)
FNF:4
FNH:4
FNDA:18,(anonymous_0)
FNDA:4,(anonymous_1)
FNDA:3,(anonymous_2)
FNDA:14,(anonymous_3)
DA:1,1
DA:2,18
DA:3,10
DA:4,6
DA:5,6
DA:6,4
DA:7,4
DA:8,2
DA:9,2
DA:11,4
DA:16,1
DA:17,14
DA:19,1
DA:29,1
DA:31,1
DA:32,1
DA:34,1
LF:17
LH:17
BRDA:2,0,0,8
BRDA:2,0,1,10
BRDA:3,1,0,4
BRDA:3,1,1,6
BRDA:4,2,0,0
BRDA:4,2,1,6
BRDA:5,3,0,2
BRDA:5,3,1,4
BRDA:6,4,0,0
BRDA:6,4,1,4
BRDA:6,5,0,4
BRDA:6,5,1,4
BRDA:7,6,0,2
BRDA:7,6,1,2
BRDA:8,7,0,2
BRDA:8,7,1,0
BRDA:8,8,0,2
BRDA:8,8,1,2
BRF:18
BRH:15
end_of_record
